<?xml version="1.0" encoding="UTF-8"?>
<testsuite xmlns:xsi="http://www.w3.org/2001/XMLSchema-instance" xsi:noNamespaceSchemaLocation="https://maven.apache.org/surefire/maven-surefire-plugin/xsd/surefire-test-report.xsd" name="com.test.cmarketCap.stepDefs.TestRunner" time="4.761" tests="17" errors="0" skipped="0" failures="0">
  <properties>
[...]
</properties>
  <testcase name="Given user constructs the url to bring the latest crypto currencies" classname="Scenario: verify price-conversion call convert the currencies to BOB" time="0.002"/>
  <testcase name="When get call is performed to bring the latest Ccys" classname="Scenario: verify price-conversion call convert the currencies to BOB" time="0"/>
  <testcase name="Then the response code is 200" classname="Scenario: verify price-conversion call convert the currencies to BOB" time="0"/>
  <testcase name="Then the response code is 200" classname="Scenario: verify price-conversion call convert the currencies to BOB" time="0"/>
  <testcase name="When user retrieves the ids for the currencies &quot;BTC&quot;, &quot;USDT&quot;, &quot;ETH&quot;" classname="Scenario: verify price-conversion call convert the currencies to BOB" time="0.002"/>
  <testcase name="And user converts the BTC,USDT,ETH to Bolivian Boliviano &quot;BOB&quot;" classname="Scenario: verify price-conversion call convert the currencies to BOB" time="0"/>
  <testcase name="Scenario: verify price-conversion call convert the currencies to BOB" classname="Scenario: verify price-conversion call convert the currencies to BOB" time="0"/>
  <testcase name="Given user constructs the url to fetch the currency info" classname="Scenario: verify currency info call fetch all the relevant information" time="0.001"/>
  <testcase name="When get call is performed to fetch currency info" classname="Scenario: verify currency info call fetch all the relevant information" time="0"/>
  <testcase name="Then the response code is 200" classname="Scenario: verify currency info call fetch all the relevant information" time="0"/>
  <testcase name="And &quot;data.1027.logo&quot; value is &quot;https://s2.coinmarketcap.com/static/img/coins/64x64/1027.png&quot;" classname="Scenario: verify currency info call fetch all the relevant information" time="0"/>
  <testcase name="And &quot;data.1027.urls.technical_doc&quot; value contains &quot;https://github.com/ethereum/wiki/wiki/White-Paper&quot;" classname="Scenario: verify currency info call fetch all the relevant information" time="0"/>
  <testcase name="And &quot;data.1027.symbol&quot; value is &quot;ETH&quot;" classname="Scenario: verify currency info call fetch all the relevant information" time="0"/>
  <testcase name="And &quot;data.1027.date_added&quot; value is &quot;2015-08-07T00:00:00.000Z&quot;" classname="Scenario: verify currency info call fetch all the relevant information" time="0"/>
  <testcase name="And &quot;data.1027.platform&quot; value is &quot;null&quot;" classname="Scenario: verify currency info call fetch all the relevant information" time="0"/>
  <testcase name="And &quot;data.1027.tags&quot; value contains &quot;mineable&quot;" classname="Scenario: verify currency info call fetch all the relevant information" time="0"/>
  <testcase name="Scenario: verify currency info call fetch all the relevant information" classname="Scenario: verify currency info call fetch all the relevant information" time="0.002"/>
</testsuite>